<?xml version="1.0" encoding="UTF-8"?>
<testsuite name="DecryptTest" tests="1" skipped="0" failures="0" errors="0" timestamp="2020-01-26T08:59:17" hostname="sean-Lenovo-B50-80" time="0.002">
  <properties/>
  <testcase name="Decrypting_shiftSentence_String" classname="DecryptTest" time="0.002"/>
  <system-out><![CDATA[]]></system-out>
  <system-err><![CDATA[]]></system-err>
</testsuite>
